  exam1.c
C:\Users\GOD\Documents\GitHub\230816_arrary\230816_arrary\exam1.c(1,1): warning C4828: 파일에 0x72 오프셋에서 시작하는 문자가 포함되어 있습니다. 이 문자는 현재 원본 문자 집합에서 잘못된 문자입니다(코드 페이지 65001).
C:\Users\GOD\Documents\GitHub\230816_arrary\230816_arrary\exam1.c(1,1): warning C4828: 파일에 0x73 오프셋에서 시작하는 문자가 포함되어 있습니다. 이 문자는 현재 원본 문자 집합에서 잘못된 문자입니다(코드 페이지 65001).
C:\Users\GOD\Documents\GitHub\230816_arrary\230816_arrary\exam1.c(1,1): warning C4828: 파일에 0x74 오프셋에서 시작하는 문자가 포함되어 있습니다. 이 문자는 현재 원본 문자 집합에서 잘못된 문자입니다(코드 페이지 65001).
C:\Users\GOD\Documents\GitHub\230816_arrary\230816_arrary\exam1.c(1,1): warning C4828: 파일에 0x75 오프셋에서 시작하는 문자가 포함되어 있습니다. 이 문자는 현재 원본 문자 집합에서 잘못된 문자입니다(코드 페이지 65001).
C:\Users\GOD\Documents\GitHub\230816_arrary\230816_arrary\exam1.c(1,1): warning C4828: 파일에 0x79 오프셋에서 시작하는 문자가 포함되어 있습니다. 이 문자는 현재 원본 문자 집합에서 잘못된 문자입니다(코드 페이지 65001).
C:\Users\GOD\Documents\GitHub\230816_arrary\230816_arrary\exam1.c(1,1): warning C4828: 파일에 0x7a 오프셋에서 시작하는 문자가 포함되어 있습니다. 이 문자는 현재 원본 문자 집합에서 잘못된 문자입니다(코드 페이지 65001).
C:\Users\GOD\Documents\GitHub\230816_arrary\230816_arrary\exam1.c(1,1): warning C4828: 파일에 0x7b 오프셋에서 시작하는 문자가 포함되어 있습니다. 이 문자는 현재 원본 문자 집합에서 잘못된 문자입니다(코드 페이지 65001).
C:\Users\GOD\Documents\GitHub\230816_arrary\230816_arrary\exam1.c(1,1): warning C4828: 파일에 0x7e 오프셋에서 시작하는 문자가 포함되어 있습니다. 이 문자는 현재 원본 문자 집합에서 잘못된 문자입니다(코드 페이지 65001).
C:\Users\GOD\Documents\GitHub\230816_arrary\230816_arrary\exam1.c(1,1): warning C4828: 파일에 0x80 오프셋에서 시작하는 문자가 포함되어 있습니다. 이 문자는 현재 원본 문자 집합에서 잘못된 문자입니다(코드 페이지 65001).
C:\Users\GOD\Documents\GitHub\230816_arrary\230816_arrary\exam1.c(1,1): warning C4828: 파일에 0x81 오프셋에서 시작하는 문자가 포함되어 있습니다. 이 문자는 현재 원본 문자 집합에서 잘못된 문자입니다(코드 페이지 65001).
C:\Users\GOD\Documents\GitHub\230816_arrary\230816_arrary\exam1.c(1,1): warning C4828: 파일에 0x82 오프셋에서 시작하는 문자가 포함되어 있습니다. 이 문자는 현재 원본 문자 집합에서 잘못된 문자입니다(코드 페이지 65001).
C:\Users\GOD\Documents\GitHub\230816_arrary\230816_arrary\exam1.c(1,1): warning C4828: 파일에 0x83 오프셋에서 시작하는 문자가 포함되어 있습니다. 이 문자는 현재 원본 문자 집합에서 잘못된 문자입니다(코드 페이지 65001).
C:\Users\GOD\Documents\GitHub\230816_arrary\230816_arrary\exam1.c(1,1): warning C4828: 파일에 0x87 오프셋에서 시작하는 문자가 포함되어 있습니다. 이 문자는 현재 원본 문자 집합에서 잘못된 문자입니다(코드 페이지 65001).
C:\Users\GOD\Documents\GitHub\230816_arrary\230816_arrary\exam1.c(1,1): warning C4828: 파일에 0x89 오프셋에서 시작하는 문자가 포함되어 있습니다. 이 문자는 현재 원본 문자 집합에서 잘못된 문자입니다(코드 페이지 65001).
C:\Users\GOD\Documents\GitHub\230816_arrary\230816_arrary\exam1.c(1,1): warning C4828: 파일에 0x8a 오프셋에서 시작하는 문자가 포함되어 있습니다. 이 문자는 현재 원본 문자 집합에서 잘못된 문자입니다(코드 페이지 65001).
C:\Users\GOD\Documents\GitHub\230816_arrary\230816_arrary\exam1.c(1,1): warning C4828: 파일에 0x8b 오프셋에서 시작하는 문자가 포함되어 있습니다. 이 문자는 현재 원본 문자 집합에서 잘못된 문자입니다(코드 페이지 65001).
C:\Users\GOD\Documents\GitHub\230816_arrary\230816_arrary\exam1.c(1,1): warning C4828: 파일에 0x8e 오프셋에서 시작하는 문자가 포함되어 있습니다. 이 문자는 현재 원본 문자 집합에서 잘못된 문자입니다(코드 페이지 65001).
C:\Users\GOD\Documents\GitHub\230816_arrary\230816_arrary\exam1.c(1,1): warning C4828: 파일에 0x8f 오프셋에서 시작하는 문자가 포함되어 있습니다. 이 문자는 현재 원본 문자 집합에서 잘못된 문자입니다(코드 페이지 65001).
C:\Users\GOD\Documents\GitHub\230816_arrary\230816_arrary\exam1.c(1,1): warning C4828: 파일에 0x90 오프셋에서 시작하는 문자가 포함되어 있습니다. 이 문자는 현재 원본 문자 집합에서 잘못된 문자입니다(코드 페이지 65001).
C:\Users\GOD\Documents\GitHub\230816_arrary\230816_arrary\exam1.c(1,1): warning C4828: 파일에 0x91 오프셋에서 시작하는 문자가 포함되어 있습니다. 이 문자는 현재 원본 문자 집합에서 잘못된 문자입니다(코드 페이지 65001).
C:\Users\GOD\Documents\GitHub\230816_arrary\230816_arrary\exam1.c(1,1): warning C4828: 파일에 0x94 오프셋에서 시작하는 문자가 포함되어 있습니다. 이 문자는 현재 원본 문자 집합에서 잘못된 문자입니다(코드 페이지 65001).
C:\Users\GOD\Documents\GitHub\230816_arrary\230816_arrary\exam1.c(1,1): warning C4828: 파일에 0x95 오프셋에서 시작하는 문자가 포함되어 있습니다. 이 문자는 현재 원본 문자 집합에서 잘못된 문자입니다(코드 페이지 65001).
C:\Users\GOD\Documents\GitHub\230816_arrary\230816_arrary\exam1.c(1,1): warning C4828: 파일에 0x96 오프셋에서 시작하는 문자가 포함되어 있습니다. 이 문자는 현재 원본 문자 집합에서 잘못된 문자입니다(코드 페이지 65001).
C:\Users\GOD\Documents\GitHub\230816_arrary\230816_arrary\exam1.c(1,1): warning C4828: 파일에 0x9e 오프셋에서 시작하는 문자가 포함되어 있습니다. 이 문자는 현재 원본 문자 집합에서 잘못된 문자입니다(코드 페이지 65001).
C:\Users\GOD\Documents\GitHub\230816_arrary\230816_arrary\exam1.c(1,1): warning C4828: 파일에 0xa3 오프셋에서 시작하는 문자가 포함되어 있습니다. 이 문자는 현재 원본 문자 집합에서 잘못된 문자입니다(코드 페이지 65001).
C:\Users\GOD\Documents\GitHub\230816_arrary\230816_arrary\exam1.c(1,1): warning C4828: 파일에 0xa4 오프셋에서 시작하는 문자가 포함되어 있습니다. 이 문자는 현재 원본 문자 집합에서 잘못된 문자입니다(코드 페이지 65001).
C:\Users\GOD\Documents\GitHub\230816_arrary\230816_arrary\exam1.c(1,1): warning C4828: 파일에 0xa5 오프셋에서 시작하는 문자가 포함되어 있습니다. 이 문자는 현재 원본 문자 집합에서 잘못된 문자입니다(코드 페이지 65001).
C:\Users\GOD\Documents\GitHub\230816_arrary\230816_arrary\exam1.c(1,1): warning C4828: 파일에 0xa6 오프셋에서 시작하는 문자가 포함되어 있습니다. 이 문자는 현재 원본 문자 집합에서 잘못된 문자입니다(코드 페이지 65001).
C:\Users\GOD\Documents\GitHub\230816_arrary\230816_arrary\exam1.c(1,1): warning C4828: 파일에 0xaa 오프셋에서 시작하는 문자가 포함되어 있습니다. 이 문자는 현재 원본 문자 집합에서 잘못된 문자입니다(코드 페이지 65001).
C:\Users\GOD\Documents\GitHub\230816_arrary\230816_arrary\exam1.c(1,1): warning C4828: 파일에 0xab 오프셋에서 시작하는 문자가 포함되어 있습니다. 이 문자는 현재 원본 문자 집합에서 잘못된 문자입니다(코드 페이지 65001).
C:\Users\GOD\Documents\GitHub\230816_arrary\230816_arrary\exam1.c(1,1): warning C4828: 파일에 0xb0 오프셋에서 시작하는 문자가 포함되어 있습니다. 이 문자는 현재 원본 문자 집합에서 잘못된 문자입니다(코드 페이지 65001).
C:\Users\GOD\Documents\GitHub\230816_arrary\230816_arrary\exam1.c(1,1): warning C4828: 파일에 0xb4 오프셋에서 시작하는 문자가 포함되어 있습니다. 이 문자는 현재 원본 문자 집합에서 잘못된 문자입니다(코드 페이지 65001).
C:\Users\GOD\Documents\GitHub\230816_arrary\230816_arrary\exam1.c(1,1): warning C4828: 파일에 0xb5 오프셋에서 시작하는 문자가 포함되어 있습니다. 이 문자는 현재 원본 문자 집합에서 잘못된 문자입니다(코드 페이지 65001).
C:\Users\GOD\Documents\GitHub\230816_arrary\230816_arrary\exam1.c(1,1): warning C4828: 파일에 0xb7 오프셋에서 시작하는 문자가 포함되어 있습니다. 이 문자는 현재 원본 문자 집합에서 잘못된 문자입니다(코드 페이지 65001).
C:\Users\GOD\Documents\GitHub\230816_arrary\230816_arrary\exam1.c(1,1): warning C4828: 파일에 0xb8 오프셋에서 시작하는 문자가 포함되어 있습니다. 이 문자는 현재 원본 문자 집합에서 잘못된 문자입니다(코드 페이지 65001).
C:\Users\GOD\Documents\GitHub\230816_arrary\230816_arrary\exam1.c(1,1): warning C4828: 파일에 0xba 오프셋에서 시작하는 문자가 포함되어 있습니다. 이 문자는 현재 원본 문자 집합에서 잘못된 문자입니다(코드 페이지 65001).
C:\Users\GOD\Documents\GitHub\230816_arrary\230816_arrary\exam1.c(1,1): warning C4828: 파일에 0xbe 오프셋에서 시작하는 문자가 포함되어 있습니다. 이 문자는 현재 원본 문자 집합에서 잘못된 문자입니다(코드 페이지 65001).
C:\Users\GOD\Documents\GitHub\230816_arrary\230816_arrary\exam1.c(1,1): warning C4828: 파일에 0xc0 오프셋에서 시작하는 문자가 포함되어 있습니다. 이 문자는 현재 원본 문자 집합에서 잘못된 문자입니다(코드 페이지 65001).
C:\Users\GOD\Documents\GitHub\230816_arrary\230816_arrary\exam1.c(1,1): warning C4828: 파일에 0xc2 오프셋에서 시작하는 문자가 포함되어 있습니다. 이 문자는 현재 원본 문자 집합에서 잘못된 문자입니다(코드 페이지 65001).
C:\Users\GOD\Documents\GitHub\230816_arrary\230816_arrary\exam1.c(1,1): warning C4828: 파일에 0xc7 오프셋에서 시작하는 문자가 포함되어 있습니다. 이 문자는 현재 원본 문자 집합에서 잘못된 문자입니다(코드 페이지 65001).
C:\Users\GOD\Documents\GitHub\230816_arrary\230816_arrary\exam1.c(1,1): warning C4828: 파일에 0xc9 오프셋에서 시작하는 문자가 포함되어 있습니다. 이 문자는 현재 원본 문자 집합에서 잘못된 문자입니다(코드 페이지 65001).
C:\Users\GOD\Documents\GitHub\230816_arrary\230816_arrary\exam1.c(1,1): warning C4828: 파일에 0xca 오프셋에서 시작하는 문자가 포함되어 있습니다. 이 문자는 현재 원본 문자 집합에서 잘못된 문자입니다(코드 페이지 65001).
C:\Users\GOD\Documents\GitHub\230816_arrary\230816_arrary\exam1.c(1,1): warning C4828: 파일에 0xcc 오프셋에서 시작하는 문자가 포함되어 있습니다. 이 문자는 현재 원본 문자 집합에서 잘못된 문자입니다(코드 페이지 65001).
C:\Users\GOD\Documents\GitHub\230816_arrary\230816_arrary\exam1.c(1,1): warning C4828: 파일에 0xd4 오프셋에서 시작하는 문자가 포함되어 있습니다. 이 문자는 현재 원본 문자 집합에서 잘못된 문자입니다(코드 페이지 65001).
C:\Users\GOD\Documents\GitHub\230816_arrary\230816_arrary\exam1.c(1,1): warning C4828: 파일에 0xd5 오프셋에서 시작하는 문자가 포함되어 있습니다. 이 문자는 현재 원본 문자 집합에서 잘못된 문자입니다(코드 페이지 65001).
C:\Users\GOD\Documents\GitHub\230816_arrary\230816_arrary\exam1.c(1,1): warning C4828: 파일에 0xd7 오프셋에서 시작하는 문자가 포함되어 있습니다. 이 문자는 현재 원본 문자 집합에서 잘못된 문자입니다(코드 페이지 65001).
C:\Users\GOD\Documents\GitHub\230816_arrary\230816_arrary\exam1.c(1,1): warning C4828: 파일에 0xe1 오프셋에서 시작하는 문자가 포함되어 있습니다. 이 문자는 현재 원본 문자 집합에서 잘못된 문자입니다(코드 페이지 65001).
C:\Users\GOD\Documents\GitHub\230816_arrary\230816_arrary\exam1.c(1,1): warning C4828: 파일에 0xe3 오프셋에서 시작하는 문자가 포함되어 있습니다. 이 문자는 현재 원본 문자 집합에서 잘못된 문자입니다(코드 페이지 65001).
C:\Users\GOD\Documents\GitHub\230816_arrary\230816_arrary\exam1.c(1,1): warning C4828: 파일에 0xe4 오프셋에서 시작하는 문자가 포함되어 있습니다. 이 문자는 현재 원본 문자 집합에서 잘못된 문자입니다(코드 페이지 65001).
C:\Users\GOD\Documents\GitHub\230816_arrary\230816_arrary\exam1.c(1,1): warning C4828: 파일에 0xe8 오프셋에서 시작하는 문자가 포함되어 있습니다. 이 문자는 현재 원본 문자 집합에서 잘못된 문자입니다(코드 페이지 65001).
C:\Users\GOD\Documents\GitHub\230816_arrary\230816_arrary\exam1.c(1,1): warning C4828: 파일에 0xe9 오프셋에서 시작하는 문자가 포함되어 있습니다. 이 문자는 현재 원본 문자 집합에서 잘못된 문자입니다(코드 페이지 65001).
C:\Users\GOD\Documents\GitHub\230816_arrary\230816_arrary\exam1.c(1,1): warning C4828: 파일에 0xec 오프셋에서 시작하는 문자가 포함되어 있습니다. 이 문자는 현재 원본 문자 집합에서 잘못된 문자입니다(코드 페이지 65001).
C:\Users\GOD\Documents\GitHub\230816_arrary\230816_arrary\exam1.c(1,1): warning C4828: 파일에 0xef 오프셋에서 시작하는 문자가 포함되어 있습니다. 이 문자는 현재 원본 문자 집합에서 잘못된 문자입니다(코드 페이지 65001).
C:\Users\GOD\Documents\GitHub\230816_arrary\230816_arrary\exam1.c(1,1): warning C4828: 파일에 0xf0 오프셋에서 시작하는 문자가 포함되어 있습니다. 이 문자는 현재 원본 문자 집합에서 잘못된 문자입니다(코드 페이지 65001).
C:\Users\GOD\Documents\GitHub\230816_arrary\230816_arrary\exam1.c(1,1): warning C4828: 파일에 0xf2 오프셋에서 시작하는 문자가 포함되어 있습니다. 이 문자는 현재 원본 문자 집합에서 잘못된 문자입니다(코드 페이지 65001).
C:\Users\GOD\Documents\GitHub\230816_arrary\230816_arrary\exam1.c(1,1): warning C4828: 파일에 0xf3 오프셋에서 시작하는 문자가 포함되어 있습니다. 이 문자는 현재 원본 문자 집합에서 잘못된 문자입니다(코드 페이지 65001).
C:\Users\GOD\Documents\GitHub\230816_arrary\230816_arrary\exam1.c(1,1): warning C4828: 파일에 0xf4 오프셋에서 시작하는 문자가 포함되어 있습니다. 이 문자는 현재 원본 문자 집합에서 잘못된 문자입니다(코드 페이지 65001).
C:\Users\GOD\Documents\GitHub\230816_arrary\230816_arrary\exam1.c(1,1): warning C4828: 파일에 0xf7 오프셋에서 시작하는 문자가 포함되어 있습니다. 이 문자는 현재 원본 문자 집합에서 잘못된 문자입니다(코드 페이지 65001).
C:\Users\GOD\Documents\GitHub\230816_arrary\230816_arrary\exam1.c(1,1): warning C4828: 파일에 0xf9 오프셋에서 시작하는 문자가 포함되어 있습니다. 이 문자는 현재 원본 문자 집합에서 잘못된 문자입니다(코드 페이지 65001).
C:\Users\GOD\Documents\GitHub\230816_arrary\230816_arrary\exam1.c(1,1): warning C4828: 파일에 0xfe 오프셋에서 시작하는 문자가 포함되어 있습니다. 이 문자는 현재 원본 문자 집합에서 잘못된 문자입니다(코드 페이지 65001).
C:\Users\GOD\Documents\GitHub\230816_arrary\230816_arrary\exam1.c(1,1): warning C4828: 파일에 0x102 오프셋에서 시작하는 문자가 포함되어 있습니다. 이 문자는 현재 원본 문자 집합에서 잘못된 문자입니다(코드 페이지 65001).
C:\Users\GOD\Documents\GitHub\230816_arrary\230816_arrary\exam1.c(1,1): warning C4828: 파일에 0x103 오프셋에서 시작하는 문자가 포함되어 있습니다. 이 문자는 현재 원본 문자 집합에서 잘못된 문자입니다(코드 페이지 65001).
C:\Users\GOD\Documents\GitHub\230816_arrary\230816_arrary\exam1.c(1,1): warning C4828: 파일에 0x104 오프셋에서 시작하는 문자가 포함되어 있습니다. 이 문자는 현재 원본 문자 집합에서 잘못된 문자입니다(코드 페이지 65001).
C:\Users\GOD\Documents\GitHub\230816_arrary\230816_arrary\exam1.c(1,1): warning C4828: 파일에 0x105 오프셋에서 시작하는 문자가 포함되어 있습니다. 이 문자는 현재 원본 문자 집합에서 잘못된 문자입니다(코드 페이지 65001).
C:\Users\GOD\Documents\GitHub\230816_arrary\230816_arrary\exam1.c(1,1): warning C4828: 파일에 0x139 오프셋에서 시작하는 문자가 포함되어 있습니다. 이 문자는 현재 원본 문자 집합에서 잘못된 문자입니다(코드 페이지 65001).
C:\Users\GOD\Documents\GitHub\230816_arrary\230816_arrary\exam1.c(1,1): warning C4828: 파일에 0x13b 오프셋에서 시작하는 문자가 포함되어 있습니다. 이 문자는 현재 원본 문자 집합에서 잘못된 문자입니다(코드 페이지 65001).
C:\Users\GOD\Documents\GitHub\230816_arrary\230816_arrary\exam1.c(1,1): warning C4828: 파일에 0x13c 오프셋에서 시작하는 문자가 포함되어 있습니다. 이 문자는 현재 원본 문자 집합에서 잘못된 문자입니다(코드 페이지 65001).
C:\Users\GOD\Documents\GitHub\230816_arrary\230816_arrary\exam1.c(1,1): warning C4828: 파일에 0x13e 오프셋에서 시작하는 문자가 포함되어 있습니다. 이 문자는 현재 원본 문자 집합에서 잘못된 문자입니다(코드 페이지 65001).
C:\Users\GOD\Documents\GitHub\230816_arrary\230816_arrary\exam1.c(1,1): warning C4828: 파일에 0x142 오프셋에서 시작하는 문자가 포함되어 있습니다. 이 문자는 현재 원본 문자 집합에서 잘못된 문자입니다(코드 페이지 65001).
C:\Users\GOD\Documents\GitHub\230816_arrary\230816_arrary\exam1.c(1,1): warning C4828: 파일에 0x143 오프셋에서 시작하는 문자가 포함되어 있습니다. 이 문자는 현재 원본 문자 집합에서 잘못된 문자입니다(코드 페이지 65001).
C:\Users\GOD\Documents\GitHub\230816_arrary\230816_arrary\exam1.c(1,1): warning C4828: 파일에 0x145 오프셋에서 시작하는 문자가 포함되어 있습니다. 이 문자는 현재 원본 문자 집합에서 잘못된 문자입니다(코드 페이지 65001).
C:\Users\GOD\Documents\GitHub\230816_arrary\230816_arrary\exam1.c(1,1): warning C4828: 파일에 0x146 오프셋에서 시작하는 문자가 포함되어 있습니다. 이 문자는 현재 원본 문자 집합에서 잘못된 문자입니다(코드 페이지 65001).
C:\Users\GOD\Documents\GitHub\230816_arrary\230816_arrary\exam1.c(1,1): warning C4828: 파일에 0x147 오프셋에서 시작하는 문자가 포함되어 있습니다. 이 문자는 현재 원본 문자 집합에서 잘못된 문자입니다(코드 페이지 65001).
C:\Users\GOD\Documents\GitHub\230816_arrary\230816_arrary\exam1.c(1,1): warning C4828: 파일에 0x148 오프셋에서 시작하는 문자가 포함되어 있습니다. 이 문자는 현재 원본 문자 집합에서 잘못된 문자입니다(코드 페이지 65001).
C:\Users\GOD\Documents\GitHub\230816_arrary\230816_arrary\exam1.c(1,1): warning C4828: 파일에 0x14c 오프셋에서 시작하는 문자가 포함되어 있습니다. 이 문자는 현재 원본 문자 집합에서 잘못된 문자입니다(코드 페이지 65001).
C:\Users\GOD\Documents\GitHub\230816_arrary\230816_arrary\exam1.c(1,1): warning C4828: 파일에 0x14e 오프셋에서 시작하는 문자가 포함되어 있습니다. 이 문자는 현재 원본 문자 집합에서 잘못된 문자입니다(코드 페이지 65001).
C:\Users\GOD\Documents\GitHub\230816_arrary\230816_arrary\exam1.c(1,1): warning C4828: 파일에 0x152 오프셋에서 시작하는 문자가 포함되어 있습니다. 이 문자는 현재 원본 문자 집합에서 잘못된 문자입니다(코드 페이지 65001).
C:\Users\GOD\Documents\GitHub\230816_arrary\230816_arrary\exam1.c(1,1): warning C4828: 파일에 0x153 오프셋에서 시작하는 문자가 포함되어 있습니다. 이 문자는 현재 원본 문자 집합에서 잘못된 문자입니다(코드 페이지 65001).
C:\Users\GOD\Documents\GitHub\230816_arrary\230816_arrary\exam1.c(1,1): warning C4828: 파일에 0x16c 오프셋에서 시작하는 문자가 포함되어 있습니다. 이 문자는 현재 원본 문자 집합에서 잘못된 문자입니다(코드 페이지 65001).
C:\Users\GOD\Documents\GitHub\230816_arrary\230816_arrary\exam1.c(1,1): warning C4828: 파일에 0x171 오프셋에서 시작하는 문자가 포함되어 있습니다. 이 문자는 현재 원본 문자 집합에서 잘못된 문자입니다(코드 페이지 65001).
C:\Users\GOD\Documents\GitHub\230816_arrary\230816_arrary\exam1.c(1,1): warning C4828: 파일에 0x174 오프셋에서 시작하는 문자가 포함되어 있습니다. 이 문자는 현재 원본 문자 집합에서 잘못된 문자입니다(코드 페이지 65001).
C:\Users\GOD\Documents\GitHub\230816_arrary\230816_arrary\exam1.c(1,1): warning C4828: 파일에 0x176 오프셋에서 시작하는 문자가 포함되어 있습니다. 이 문자는 현재 원본 문자 집합에서 잘못된 문자입니다(코드 페이지 65001).
C:\Users\GOD\Documents\GitHub\230816_arrary\230816_arrary\exam1.c(1,1): warning C4828: 파일에 0x177 오프셋에서 시작하는 문자가 포함되어 있습니다. 이 문자는 현재 원본 문자 집합에서 잘못된 문자입니다(코드 페이지 65001).
C:\Users\GOD\Documents\GitHub\230816_arrary\230816_arrary\exam1.c(1,1): warning C4828: 파일에 0x17a 오프셋에서 시작하는 문자가 포함되어 있습니다. 이 문자는 현재 원본 문자 집합에서 잘못된 문자입니다(코드 페이지 65001).
C:\Users\GOD\Documents\GitHub\230816_arrary\230816_arrary\exam1.c(1,1): warning C4828: 파일에 0x17d 오프셋에서 시작하는 문자가 포함되어 있습니다. 이 문자는 현재 원본 문자 집합에서 잘못된 문자입니다(코드 페이지 65001).
C:\Users\GOD\Documents\GitHub\230816_arrary\230816_arrary\exam1.c(1,1): warning C4828: 파일에 0x17f 오프셋에서 시작하는 문자가 포함되어 있습니다. 이 문자는 현재 원본 문자 집합에서 잘못된 문자입니다(코드 페이지 65001).
C:\Users\GOD\Documents\GitHub\230816_arrary\230816_arrary\exam1.c(1,1): warning C4828: 파일에 0x180 오프셋에서 시작하는 문자가 포함되어 있습니다. 이 문자는 현재 원본 문자 집합에서 잘못된 문자입니다(코드 페이지 65001).
C:\Users\GOD\Documents\GitHub\230816_arrary\230816_arrary\exam1.c(1,1): warning C4828: 파일에 0x184 오프셋에서 시작하는 문자가 포함되어 있습니다. 이 문자는 현재 원본 문자 집합에서 잘못된 문자입니다(코드 페이지 65001).
C:\Users\GOD\Documents\GitHub\230816_arrary\230816_arrary\exam1.c(1,1): warning C4828: 파일에 0x185 오프셋에서 시작하는 문자가 포함되어 있습니다. 이 문자는 현재 원본 문자 집합에서 잘못된 문자입니다(코드 페이지 65001).
C:\Users\GOD\Documents\GitHub\230816_arrary\230816_arrary\exam1.c(1,1): warning C4828: 파일에 0x186 오프셋에서 시작하는 문자가 포함되어 있습니다. 이 문자는 현재 원본 문자 집합에서 잘못된 문자입니다(코드 페이지 65001).
C:\Users\GOD\Documents\GitHub\230816_arrary\230816_arrary\exam1.c(1,1): warning C4828: 파일에 0x187 오프셋에서 시작하는 문자가 포함되어 있습니다. 이 문자는 현재 원본 문자 집합에서 잘못된 문자입니다(코드 페이지 65001).
C:\Users\GOD\Documents\GitHub\230816_arrary\230816_arrary\exam1.c(1,1): warning C4828: 파일에 0x18b 오프셋에서 시작하는 문자가 포함되어 있습니다. 이 문자는 현재 원본 문자 집합에서 잘못된 문자입니다(코드 페이지 65001).
C:\Users\GOD\Documents\GitHub\230816_arrary\230816_arrary\exam1.c(1,1): warning C4828: 파일에 0x18d 오프셋에서 시작하는 문자가 포함되어 있습니다. 이 문자는 현재 원본 문자 집합에서 잘못된 문자입니다(코드 페이지 65001).
C:\Users\GOD\Documents\GitHub\230816_arrary\230816_arrary\exam1.c(1,1): warning C4828: 파일에 0x18e 오프셋에서 시작하는 문자가 포함되어 있습니다. 이 문자는 현재 원본 문자 집합에서 잘못된 문자입니다(코드 페이지 65001).
C:\Users\GOD\Documents\GitHub\230816_arrary\230816_arrary\exam1.c(1,1): warning C4828: 파일에 0x190 오프셋에서 시작하는 문자가 포함되어 있습니다. 이 문자는 현재 원본 문자 집합에서 잘못된 문자입니다(코드 페이지 65001).
C:\Users\GOD\Documents\GitHub\230816_arrary\230816_arrary\exam1.c(1,1): warning C4828: 파일에 0x191 오프셋에서 시작하는 문자가 포함되어 있습니다. 이 문자는 현재 원본 문자 집합에서 잘못된 문자입니다(코드 페이지 65001).
C:\Users\GOD\Documents\GitHub\230816_arrary\230816_arrary\exam1.c(1,1): warning C4828: 파일에 0x192 오프셋에서 시작하는 문자가 포함되어 있습니다. 이 문자는 현재 원본 문자 집합에서 잘못된 문자입니다(코드 페이지 65001).
C:\Users\GOD\Documents\GitHub\230816_arrary\230816_arrary\exam1.c(1,1): warning C4828: 파일에 0x194 오프셋에서 시작하는 문자가 포함되어 있습니다. 이 문자는 현재 원본 문자 집합에서 잘못된 문자입니다(코드 페이지 65001).
C:\Users\GOD\Documents\GitHub\230816_arrary\230816_arrary\exam1.c(1,1): warning C4828: 파일에 0x195 오프셋에서 시작하는 문자가 포함되어 있습니다. 이 문자는 현재 원본 문자 집합에서 잘못된 문자입니다(코드 페이지 65001).
C:\Users\GOD\Documents\GitHub\230816_arrary\230816_arrary\exam1.c(1,1): warning C4828: 파일에 0x19d 오프셋에서 시작하는 문자가 포함되어 있습니다. 이 문자는 현재 원본 문자 집합에서 잘못된 문자입니다(코드 페이지 65001).
C:\Users\GOD\Documents\GitHub\230816_arrary\230816_arrary\exam1.c(1,1): warning C4828: 파일에 0x19e 오프셋에서 시작하는 문자가 포함되어 있습니다. 이 문자는 현재 원본 문자 집합에서 잘못된 문자입니다(코드 페이지 65001).
C:\Users\GOD\Documents\GitHub\230816_arrary\230816_arrary\exam1.c(1,1): warning C4828: 파일에 0x19f 오프셋에서 시작하는 문자가 포함되어 있습니다. 이 문자는 현재 원본 문자 집합에서 잘못된 문자입니다(코드 페이지 65001).
C:\Users\GOD\Documents\GitHub\230816_arrary\230816_arrary\exam1.c(1,1): warning C4828: 파일에 0x1a0 오프셋에서 시작하는 문자가 포함되어 있습니다. 이 문자는 현재 원본 문자 집합에서 잘못된 문자입니다(코드 페이지 65001).
C:\Users\GOD\Documents\GitHub\230816_arrary\230816_arrary\exam1.c(1,1): warning C4828: 파일에 0x1a3 오프셋에서 시작하는 문자가 포함되어 있습니다. 이 문자는 현재 원본 문자 집합에서 잘못된 문자입니다(코드 페이지 65001).
C:\Users\GOD\Documents\GitHub\230816_arrary\230816_arrary\exam1.c(1,1): warning C4828: 파일에 0x1a6 오프셋에서 시작하는 문자가 포함되어 있습니다. 이 문자는 현재 원본 문자 집합에서 잘못된 문자입니다(코드 페이지 65001).
C:\Users\GOD\Documents\GitHub\230816_arrary\230816_arrary\exam1.c(1,1): warning C4828: 파일에 0x1a7 오프셋에서 시작하는 문자가 포함되어 있습니다. 이 문자는 현재 원본 문자 집합에서 잘못된 문자입니다(코드 페이지 65001).
C:\Users\GOD\Documents\GitHub\230816_arrary\230816_arrary\exam1.c(1,1): warning C4828: 파일에 0x1a8 오프셋에서 시작하는 문자가 포함되어 있습니다. 이 문자는 현재 원본 문자 집합에서 잘못된 문자입니다(코드 페이지 65001).
C:\Users\GOD\Documents\GitHub\230816_arrary\230816_arrary\exam1.c(1,1): warning C4828: 파일에 0x1aa 오프셋에서 시작하는 문자가 포함되어 있습니다. 이 문자는 현재 원본 문자 집합에서 잘못된 문자입니다(코드 페이지 65001).
C:\Users\GOD\Documents\GitHub\230816_arrary\230816_arrary\exam1.c(1,1): warning C4828: 파일에 0x1ab 오프셋에서 시작하는 문자가 포함되어 있습니다. 이 문자는 현재 원본 문자 집합에서 잘못된 문자입니다(코드 페이지 65001).
C:\Users\GOD\Documents\GitHub\230816_arrary\230816_arrary\exam1.c(1,1): warning C4828: 파일에 0x25e 오프셋에서 시작하는 문자가 포함되어 있습니다. 이 문자는 현재 원본 문자 집합에서 잘못된 문자입니다(코드 페이지 65001).
C:\Users\GOD\Documents\GitHub\230816_arrary\230816_arrary\exam1.c(1,1): warning C4828: 파일에 0x27c 오프셋에서 시작하는 문자가 포함되어 있습니다. 이 문자는 현재 원본 문자 집합에서 잘못된 문자입니다(코드 페이지 65001).
C:\Users\GOD\Documents\GitHub\230816_arrary\230816_arrary\exam1.c(1,1): warning C4828: 파일에 0x27d 오프셋에서 시작하는 문자가 포함되어 있습니다. 이 문자는 현재 원본 문자 집합에서 잘못된 문자입니다(코드 페이지 65001).
C:\Users\GOD\Documents\GitHub\230816_arrary\230816_arrary\exam1.c(1,1): warning C4828: 파일에 0x280 오프셋에서 시작하는 문자가 포함되어 있습니다. 이 문자는 현재 원본 문자 집합에서 잘못된 문자입니다(코드 페이지 65001).
C:\Users\GOD\Documents\GitHub\230816_arrary\230816_arrary\exam1.c(1,1): warning C4828: 파일에 0x281 오프셋에서 시작하는 문자가 포함되어 있습니다. 이 문자는 현재 원본 문자 집합에서 잘못된 문자입니다(코드 페이지 65001).
C:\Users\GOD\Documents\GitHub\230816_arrary\230816_arrary\exam1.c(1,1): warning C4828: 파일에 0x283 오프셋에서 시작하는 문자가 포함되어 있습니다. 이 문자는 현재 원본 문자 집합에서 잘못된 문자입니다(코드 페이지 65001).
C:\Users\GOD\Documents\GitHub\230816_arrary\230816_arrary\exam1.c(1,1): warning C4828: 파일에 0x284 오프셋에서 시작하는 문자가 포함되어 있습니다. 이 문자는 현재 원본 문자 집합에서 잘못된 문자입니다(코드 페이지 65001).
C:\Users\GOD\Documents\GitHub\230816_arrary\230816_arrary\exam1.c(1,1): warning C4828: 파일에 0x285 오프셋에서 시작하는 문자가 포함되어 있습니다. 이 문자는 현재 원본 문자 집합에서 잘못된 문자입니다(코드 페이지 65001).
C:\Users\GOD\Documents\GitHub\230816_arrary\230816_arrary\exam1.c(1,1): warning C4828: 파일에 0x288 오프셋에서 시작하는 문자가 포함되어 있습니다. 이 문자는 현재 원본 문자 집합에서 잘못된 문자입니다(코드 페이지 65001).
C:\Users\GOD\Documents\GitHub\230816_arrary\230816_arrary\exam1.c(1,1): warning C4828: 파일에 0x28b 오프셋에서 시작하는 문자가 포함되어 있습니다. 이 문자는 현재 원본 문자 집합에서 잘못된 문자입니다(코드 페이지 65001).
C:\Users\GOD\Documents\GitHub\230816_arrary\230816_arrary\exam1.c(1,1): warning C4828: 파일에 0x28d 오프셋에서 시작하는 문자가 포함되어 있습니다. 이 문자는 현재 원본 문자 집합에서 잘못된 문자입니다(코드 페이지 65001).
C:\Users\GOD\Documents\GitHub\230816_arrary\230816_arrary\exam1.c(1,1): warning C4828: 파일에 0x28e 오프셋에서 시작하는 문자가 포함되어 있습니다. 이 문자는 현재 원본 문자 집합에서 잘못된 문자입니다(코드 페이지 65001).
C:\Users\GOD\Documents\GitHub\230816_arrary\230816_arrary\exam1.c(1,1): warning C4828: 파일에 0x290 오프셋에서 시작하는 문자가 포함되어 있습니다. 이 문자는 현재 원본 문자 집합에서 잘못된 문자입니다(코드 페이지 65001).
C:\Users\GOD\Documents\GitHub\230816_arrary\230816_arrary\exam1.c(1,1): warning C4828: 파일에 0x294 오프셋에서 시작하는 문자가 포함되어 있습니다. 이 문자는 현재 원본 문자 집합에서 잘못된 문자입니다(코드 페이지 65001).
C:\Users\GOD\Documents\GitHub\230816_arrary\230816_arrary\exam1.c(1,1): warning C4828: 파일에 0x295 오프셋에서 시작하는 문자가 포함되어 있습니다. 이 문자는 현재 원본 문자 집합에서 잘못된 문자입니다(코드 페이지 65001).
C:\Users\GOD\Documents\GitHub\230816_arrary\230816_arrary\exam1.c(1,1): warning C4828: 파일에 0x297 오프셋에서 시작하는 문자가 포함되어 있습니다. 이 문자는 현재 원본 문자 집합에서 잘못된 문자입니다(코드 페이지 65001).
C:\Users\GOD\Documents\GitHub\230816_arrary\230816_arrary\exam1.c(1,1): warning C4828: 파일에 0x298 오프셋에서 시작하는 문자가 포함되어 있습니다. 이 문자는 현재 원본 문자 집합에서 잘못된 문자입니다(코드 페이지 65001).
C:\Users\GOD\Documents\GitHub\230816_arrary\230816_arrary\exam1.c(1,1): warning C4828: 파일에 0x299 오프셋에서 시작하는 문자가 포함되어 있습니다. 이 문자는 현재 원본 문자 집합에서 잘못된 문자입니다(코드 페이지 65001).
C:\Users\GOD\Documents\GitHub\230816_arrary\230816_arrary\exam1.c(1,1): warning C4828: 파일에 0x29a 오프셋에서 시작하는 문자가 포함되어 있습니다. 이 문자는 현재 원본 문자 집합에서 잘못된 문자입니다(코드 페이지 65001).
C:\Users\GOD\Documents\GitHub\230816_arrary\230816_arrary\exam1.c(1,1): warning C4828: 파일에 0x2a2 오프셋에서 시작하는 문자가 포함되어 있습니다. 이 문자는 현재 원본 문자 집합에서 잘못된 문자입니다(코드 페이지 65001).
C:\Users\GOD\Documents\GitHub\230816_arrary\230816_arrary\exam1.c(1,1): warning C4828: 파일에 0x2a3 오프셋에서 시작하는 문자가 포함되어 있습니다. 이 문자는 현재 원본 문자 집합에서 잘못된 문자입니다(코드 페이지 65001).
C:\Users\GOD\Documents\GitHub\230816_arrary\230816_arrary\exam1.c(1,1): warning C4828: 파일에 0x2a4 오프셋에서 시작하는 문자가 포함되어 있습니다. 이 문자는 현재 원본 문자 집합에서 잘못된 문자입니다(코드 페이지 65001).
C:\Users\GOD\Documents\GitHub\230816_arrary\230816_arrary\exam1.c(1,1): warning C4828: 파일에 0x2a5 오프셋에서 시작하는 문자가 포함되어 있습니다. 이 문자는 현재 원본 문자 집합에서 잘못된 문자입니다(코드 페이지 65001).
C:\Users\GOD\Documents\GitHub\230816_arrary\230816_arrary\exam1.c(1,1): warning C4828: 파일에 0x2aa 오프셋에서 시작하는 문자가 포함되어 있습니다. 이 문자는 현재 원본 문자 집합에서 잘못된 문자입니다(코드 페이지 65001).
C:\Users\GOD\Documents\GitHub\230816_arrary\230816_arrary\exam1.c(1,1): warning C4828: 파일에 0x2ab 오프셋에서 시작하는 문자가 포함되어 있습니다. 이 문자는 현재 원본 문자 집합에서 잘못된 문자입니다(코드 페이지 65001).
C:\Users\GOD\Documents\GitHub\230816_arrary\230816_arrary\exam1.c(1,1): warning C4828: 파일에 0x2ad 오프셋에서 시작하는 문자가 포함되어 있습니다. 이 문자는 현재 원본 문자 집합에서 잘못된 문자입니다(코드 페이지 65001).
C:\Users\GOD\Documents\GitHub\230816_arrary\230816_arrary\exam1.c(1,1): warning C4828: 파일에 0x2ae 오프셋에서 시작하는 문자가 포함되어 있습니다. 이 문자는 현재 원본 문자 집합에서 잘못된 문자입니다(코드 페이지 65001).
C:\Users\GOD\Documents\GitHub\230816_arrary\230816_arrary\exam1.c(1,1): warning C4828: 파일에 0x2b1 오프셋에서 시작하는 문자가 포함되어 있습니다. 이 문자는 현재 원본 문자 집합에서 잘못된 문자입니다(코드 페이지 65001).
C:\Users\GOD\Documents\GitHub\230816_arrary\230816_arrary\exam1.c(1,1): warning C4828: 파일에 0x2b2 오프셋에서 시작하는 문자가 포함되어 있습니다. 이 문자는 현재 원본 문자 집합에서 잘못된 문자입니다(코드 페이지 65001).
C:\Users\GOD\Documents\GitHub\230816_arrary\230816_arrary\exam1.c(1,1): warning C4828: 파일에 0x2b4 오프셋에서 시작하는 문자가 포함되어 있습니다. 이 문자는 현재 원본 문자 집합에서 잘못된 문자입니다(코드 페이지 65001).
C:\Users\GOD\Documents\GitHub\230816_arrary\230816_arrary\exam1.c(1,1): warning C4828: 파일에 0x2b6 오프셋에서 시작하는 문자가 포함되어 있습니다. 이 문자는 현재 원본 문자 집합에서 잘못된 문자입니다(코드 페이지 65001).
C:\Users\GOD\Documents\GitHub\230816_arrary\230816_arrary\exam1.c(1,1): warning C4828: 파일에 0x2b7 오프셋에서 시작하는 문자가 포함되어 있습니다. 이 문자는 현재 원본 문자 집합에서 잘못된 문자입니다(코드 페이지 65001).
C:\Users\GOD\Documents\GitHub\230816_arrary\230816_arrary\exam1.c(1,1): warning C4828: 파일에 0x2be 오프셋에서 시작하는 문자가 포함되어 있습니다. 이 문자는 현재 원본 문자 집합에서 잘못된 문자입니다(코드 페이지 65001).
C:\Users\GOD\Documents\GitHub\230816_arrary\230816_arrary\exam1.c(1,1): warning C4828: 파일에 0x2bf 오프셋에서 시작하는 문자가 포함되어 있습니다. 이 문자는 현재 원본 문자 집합에서 잘못된 문자입니다(코드 페이지 65001).
C:\Users\GOD\Documents\GitHub\230816_arrary\230816_arrary\exam1.c(1,1): warning C4828: 파일에 0x2c0 오프셋에서 시작하는 문자가 포함되어 있습니다. 이 문자는 현재 원본 문자 집합에서 잘못된 문자입니다(코드 페이지 65001).
C:\Users\GOD\Documents\GitHub\230816_arrary\230816_arrary\exam1.c(1,1): warning C4828: 파일에 0x2c1 오프셋에서 시작하는 문자가 포함되어 있습니다. 이 문자는 현재 원본 문자 집합에서 잘못된 문자입니다(코드 페이지 65001).
C:\Users\GOD\Documents\GitHub\230816_arrary\230816_arrary\exam1.c(1,1): warning C4828: 파일에 0x2c5 오프셋에서 시작하는 문자가 포함되어 있습니다. 이 문자는 현재 원본 문자 집합에서 잘못된 문자입니다(코드 페이지 65001).
C:\Users\GOD\Documents\GitHub\230816_arrary\230816_arrary\exam1.c(1,1): warning C4828: 파일에 0x2c9 오프셋에서 시작하는 문자가 포함되어 있습니다. 이 문자는 현재 원본 문자 집합에서 잘못된 문자입니다(코드 페이지 65001).
C:\Users\GOD\Documents\GitHub\230816_arrary\230816_arrary\exam1.c(1,1): warning C4828: 파일에 0x2ca 오프셋에서 시작하는 문자가 포함되어 있습니다. 이 문자는 현재 원본 문자 집합에서 잘못된 문자입니다(코드 페이지 65001).
C:\Users\GOD\Documents\GitHub\230816_arrary\230816_arrary\exam1.c(1,1): warning C4828: 파일에 0x2cc 오프셋에서 시작하는 문자가 포함되어 있습니다. 이 문자는 현재 원본 문자 집합에서 잘못된 문자입니다(코드 페이지 65001).
C:\Users\GOD\Documents\GitHub\230816_arrary\230816_arrary\exam1.c(1,1): warning C4828: 파일에 0x2cd 오프셋에서 시작하는 문자가 포함되어 있습니다. 이 문자는 현재 원본 문자 집합에서 잘못된 문자입니다(코드 페이지 65001).
C:\Users\GOD\Documents\GitHub\230816_arrary\230816_arrary\exam1.c(1,1): warning C4828: 파일에 0x2d0 오프셋에서 시작하는 문자가 포함되어 있습니다. 이 문자는 현재 원본 문자 집합에서 잘못된 문자입니다(코드 페이지 65001).
C:\Users\GOD\Documents\GitHub\230816_arrary\230816_arrary\exam1.c(1,1): warning C4828: 파일에 0x2d1 오프셋에서 시작하는 문자가 포함되어 있습니다. 이 문자는 현재 원본 문자 집합에서 잘못된 문자입니다(코드 페이지 65001).
C:\Users\GOD\Documents\GitHub\230816_arrary\230816_arrary\exam1.c(1,1): warning C4828: 파일에 0x2d6 오프셋에서 시작하는 문자가 포함되어 있습니다. 이 문자는 현재 원본 문자 집합에서 잘못된 문자입니다(코드 페이지 65001).
C:\Users\GOD\Documents\GitHub\230816_arrary\230816_arrary\exam1.c(1,1): warning C4828: 파일에 0x2d7 오프셋에서 시작하는 문자가 포함되어 있습니다. 이 문자는 현재 원본 문자 집합에서 잘못된 문자입니다(코드 페이지 65001).
C:\Users\GOD\Documents\GitHub\230816_arrary\230816_arrary\exam1.c(1,1): warning C4828: 파일에 0x2db 오프셋에서 시작하는 문자가 포함되어 있습니다. 이 문자는 현재 원본 문자 집합에서 잘못된 문자입니다(코드 페이지 65001).
C:\Users\GOD\Documents\GitHub\230816_arrary\230816_arrary\exam1.c(1,1): warning C4828: 파일에 0x2dc 오프셋에서 시작하는 문자가 포함되어 있습니다. 이 문자는 현재 원본 문자 집합에서 잘못된 문자입니다(코드 페이지 65001).
C:\Users\GOD\Documents\GitHub\230816_arrary\230816_arrary\exam1.c(1,1): warning C4828: 파일에 0x2de 오프셋에서 시작하는 문자가 포함되어 있습니다. 이 문자는 현재 원본 문자 집합에서 잘못된 문자입니다(코드 페이지 65001).
C:\Users\GOD\Documents\GitHub\230816_arrary\230816_arrary\exam1.c(1,1): warning C4828: 파일에 0x2df 오프셋에서 시작하는 문자가 포함되어 있습니다. 이 문자는 현재 원본 문자 집합에서 잘못된 문자입니다(코드 페이지 65001).
C:\Users\GOD\Documents\GitHub\230816_arrary\230816_arrary\exam1.c(1,1): warning C4828: 파일에 0x2e1 오프셋에서 시작하는 문자가 포함되어 있습니다. 이 문자는 현재 원본 문자 집합에서 잘못된 문자입니다(코드 페이지 65001).
C:\Users\GOD\Documents\GitHub\230816_arrary\230816_arrary\exam1.c(1,1): warning C4828: 파일에 0x2e4 오프셋에서 시작하는 문자가 포함되어 있습니다. 이 문자는 현재 원본 문자 집합에서 잘못된 문자입니다(코드 페이지 65001).
C:\Users\GOD\Documents\GitHub\230816_arrary\230816_arrary\exam1.c(1,1): warning C4828: 파일에 0x2e5 오프셋에서 시작하는 문자가 포함되어 있습니다. 이 문자는 현재 원본 문자 집합에서 잘못된 문자입니다(코드 페이지 65001).
C:\Users\GOD\Documents\GitHub\230816_arrary\230816_arrary\exam1.c(1,1): warning C4828: 파일에 0x2e6 오프셋에서 시작하는 문자가 포함되어 있습니다. 이 문자는 현재 원본 문자 집합에서 잘못된 문자입니다(코드 페이지 65001).
C:\Users\GOD\Documents\GitHub\230816_arrary\230816_arrary\exam1.c(1,1): warning C4828: 파일에 0x2ea 오프셋에서 시작하는 문자가 포함되어 있습니다. 이 문자는 현재 원본 문자 집합에서 잘못된 문자입니다(코드 페이지 65001).
C:\Users\GOD\Documents\GitHub\230816_arrary\230816_arrary\exam1.c(1,1): warning C4828: 파일에 0x3fd 오프셋에서 시작하는 문자가 포함되어 있습니다. 이 문자는 현재 원본 문자 집합에서 잘못된 문자입니다(코드 페이지 65001).
C:\Users\GOD\Documents\GitHub\230816_arrary\230816_arrary\exam1.c(1,1): warning C4828: 파일에 0x3fe 오프셋에서 시작하는 문자가 포함되어 있습니다. 이 문자는 현재 원본 문자 집합에서 잘못된 문자입니다(코드 페이지 65001).
C:\Users\GOD\Documents\GitHub\230816_arrary\230816_arrary\exam1.c(1,1): warning C4828: 파일에 0x402 오프셋에서 시작하는 문자가 포함되어 있습니다. 이 문자는 현재 원본 문자 집합에서 잘못된 문자입니다(코드 페이지 65001).
C:\Users\GOD\Documents\GitHub\230816_arrary\230816_arrary\exam1.c(1,1): warning C4828: 파일에 0x406 오프셋에서 시작하는 문자가 포함되어 있습니다. 이 문자는 현재 원본 문자 집합에서 잘못된 문자입니다(코드 페이지 65001).
C:\Users\GOD\Documents\GitHub\230816_arrary\230816_arrary\exam1.c(1,1): warning C4828: 파일에 0x407 오프셋에서 시작하는 문자가 포함되어 있습니다. 이 문자는 현재 원본 문자 집합에서 잘못된 문자입니다(코드 페이지 65001).
C:\Users\GOD\Documents\GitHub\230816_arrary\230816_arrary\exam1.c(1,1): warning C4828: 파일에 0x409 오프셋에서 시작하는 문자가 포함되어 있습니다. 이 문자는 현재 원본 문자 집합에서 잘못된 문자입니다(코드 페이지 65001).
C:\Users\GOD\Documents\GitHub\230816_arrary\230816_arrary\exam1.c(1,1): warning C4828: 파일에 0x40a 오프셋에서 시작하는 문자가 포함되어 있습니다. 이 문자는 현재 원본 문자 집합에서 잘못된 문자입니다(코드 페이지 65001).
C:\Users\GOD\Documents\GitHub\230816_arrary\230816_arrary\exam1.c(1,1): warning C4828: 파일에 0x40b 오프셋에서 시작하는 문자가 포함되어 있습니다. 이 문자는 현재 원본 문자 집합에서 잘못된 문자입니다(코드 페이지 65001).
C:\Users\GOD\Documents\GitHub\230816_arrary\230816_arrary\exam1.c(1,1): warning C4828: 파일에 0x40c 오프셋에서 시작하는 문자가 포함되어 있습니다. 이 문자는 현재 원본 문자 집합에서 잘못된 문자입니다(코드 페이지 65001).
C:\Users\GOD\Documents\GitHub\230816_arrary\230816_arrary\exam1.c(1,1): warning C4828: 파일에 0x465 오프셋에서 시작하는 문자가 포함되어 있습니다. 이 문자는 현재 원본 문자 집합에서 잘못된 문자입니다(코드 페이지 65001).
C:\Users\GOD\Documents\GitHub\230816_arrary\230816_arrary\exam1.c(1,1): warning C4828: 파일에 0x46c 오프셋에서 시작하는 문자가 포함되어 있습니다. 이 문자는 현재 원본 문자 집합에서 잘못된 문자입니다(코드 페이지 65001).
C:\Users\GOD\Documents\GitHub\230816_arrary\230816_arrary\exam1.c(1,1): warning C4828: 파일에 0x46d 오프셋에서 시작하는 문자가 포함되어 있습니다. 이 문자는 현재 원본 문자 집합에서 잘못된 문자입니다(코드 페이지 65001).
C:\Users\GOD\Documents\GitHub\230816_arrary\230816_arrary\exam1.c(1,1): warning C4828: 파일에 0x485 오프셋에서 시작하는 문자가 포함되어 있습니다. 이 문자는 현재 원본 문자 집합에서 잘못된 문자입니다(코드 페이지 65001).
C:\Users\GOD\Documents\GitHub\230816_arrary\230816_arrary\exam1.c(1,1): warning C4828: 파일에 0x487 오프셋에서 시작하는 문자가 포함되어 있습니다. 이 문자는 현재 원본 문자 집합에서 잘못된 문자입니다(코드 페이지 65001).
C:\Users\GOD\Documents\GitHub\230816_arrary\230816_arrary\exam1.c(1,1): warning C4828: 파일에 0x488 오프셋에서 시작하는 문자가 포함되어 있습니다. 이 문자는 현재 원본 문자 집합에서 잘못된 문자입니다(코드 페이지 65001).
C:\Users\GOD\Documents\GitHub\230816_arrary\230816_arrary\exam1.c(1,1): warning C4828: 파일에 0x48a 오프셋에서 시작하는 문자가 포함되어 있습니다. 이 문자는 현재 원본 문자 집합에서 잘못된 문자입니다(코드 페이지 65001).
C:\Users\GOD\Documents\GitHub\230816_arrary\230816_arrary\exam1.c(1,1): warning C4828: 파일에 0x48e 오프셋에서 시작하는 문자가 포함되어 있습니다. 이 문자는 현재 원본 문자 집합에서 잘못된 문자입니다(코드 페이지 65001).
C:\Users\GOD\Documents\GitHub\230816_arrary\230816_arrary\exam1.c(1,1): warning C4828: 파일에 0x48f 오프셋에서 시작하는 문자가 포함되어 있습니다. 이 문자는 현재 원본 문자 집합에서 잘못된 문자입니다(코드 페이지 65001).
C:\Users\GOD\Documents\GitHub\230816_arrary\230816_arrary\exam1.c(1,1): warning C4828: 파일에 0x49c 오프셋에서 시작하는 문자가 포함되어 있습니다. 이 문자는 현재 원본 문자 집합에서 잘못된 문자입니다(코드 페이지 65001).
C:\Users\GOD\Documents\GitHub\230816_arrary\230816_arrary\exam1.c(1,1): warning C4828: 파일에 0x49d 오프셋에서 시작하는 문자가 포함되어 있습니다. 이 문자는 현재 원본 문자 집합에서 잘못된 문자입니다(코드 페이지 65001).
C:\Users\GOD\Documents\GitHub\230816_arrary\230816_arrary\exam1.c(1,1): warning C4828: 파일에 0x49f 오프셋에서 시작하는 문자가 포함되어 있습니다. 이 문자는 현재 원본 문자 집합에서 잘못된 문자입니다(코드 페이지 65001).
C:\Users\GOD\Documents\GitHub\230816_arrary\230816_arrary\exam1.c(1,1): warning C4828: 파일에 0x4a0 오프셋에서 시작하는 문자가 포함되어 있습니다. 이 문자는 현재 원본 문자 집합에서 잘못된 문자입니다(코드 페이지 65001).
C:\Users\GOD\Documents\GitHub\230816_arrary\230816_arrary\exam1.c(1,1): warning C4828: 파일에 0x4a1 오프셋에서 시작하는 문자가 포함되어 있습니다. 이 문자는 현재 원본 문자 집합에서 잘못된 문자입니다(코드 페이지 65001).
C:\Users\GOD\Documents\GitHub\230816_arrary\230816_arrary\exam1.c(1,1): warning C4828: 파일에 0x4a2 오프셋에서 시작하는 문자가 포함되어 있습니다. 이 문자는 현재 원본 문자 집합에서 잘못된 문자입니다(코드 페이지 65001).
C:\Users\GOD\Documents\GitHub\230816_arrary\230816_arrary\exam1.c(1,1): warning C4828: 파일에 0x4ad 오프셋에서 시작하는 문자가 포함되어 있습니다. 이 문자는 현재 원본 문자 집합에서 잘못된 문자입니다(코드 페이지 65001).
C:\Users\GOD\Documents\GitHub\230816_arrary\230816_arrary\exam1.c(1,1): warning C4828: 파일에 0x4ae 오프셋에서 시작하는 문자가 포함되어 있습니다. 이 문자는 현재 원본 문자 집합에서 잘못된 문자입니다(코드 페이지 65001).
C:\Users\GOD\Documents\GitHub\230816_arrary\230816_arrary\exam1.c(1,1): warning C4828: 파일에 0x4b0 오프셋에서 시작하는 문자가 포함되어 있습니다. 이 문자는 현재 원본 문자 집합에서 잘못된 문자입니다(코드 페이지 65001).
C:\Users\GOD\Documents\GitHub\230816_arrary\230816_arrary\exam1.c(1,1): warning C4828: 파일에 0x4b1 오프셋에서 시작하는 문자가 포함되어 있습니다. 이 문자는 현재 원본 문자 집합에서 잘못된 문자입니다(코드 페이지 65001).
C:\Users\GOD\Documents\GitHub\230816_arrary\230816_arrary\exam1.c(1,1): warning C4828: 파일에 0x4b4 오프셋에서 시작하는 문자가 포함되어 있습니다. 이 문자는 현재 원본 문자 집합에서 잘못된 문자입니다(코드 페이지 65001).
C:\Users\GOD\Documents\GitHub\230816_arrary\230816_arrary\exam1.c(1,1): warning C4828: 파일에 0x4b7 오프셋에서 시작하는 문자가 포함되어 있습니다. 이 문자는 현재 원본 문자 집합에서 잘못된 문자입니다(코드 페이지 65001).
C:\Users\GOD\Documents\GitHub\230816_arrary\230816_arrary\exam1.c(1,1): warning C4828: 파일에 0x4ba 오프셋에서 시작하는 문자가 포함되어 있습니다. 이 문자는 현재 원본 문자 집합에서 잘못된 문자입니다(코드 페이지 65001).
C:\Users\GOD\Documents\GitHub\230816_arrary\230816_arrary\exam1.c(1,1): warning C4828: 파일에 0x4bb 오프셋에서 시작하는 문자가 포함되어 있습니다. 이 문자는 현재 원본 문자 집합에서 잘못된 문자입니다(코드 페이지 65001).
C:\Users\GOD\Documents\GitHub\230816_arrary\230816_arrary\exam1.c(1,1): warning C4828: 파일에 0x4bd 오프셋에서 시작하는 문자가 포함되어 있습니다. 이 문자는 현재 원본 문자 집합에서 잘못된 문자입니다(코드 페이지 65001).
C:\Users\GOD\Documents\GitHub\230816_arrary\230816_arrary\exam1.c(1,1): warning C4828: 파일에 0x4be 오프셋에서 시작하는 문자가 포함되어 있습니다. 이 문자는 현재 원본 문자 집합에서 잘못된 문자입니다(코드 페이지 65001).
C:\Users\GOD\Documents\GitHub\230816_arrary\230816_arrary\exam1.c(1,1): warning C4828: 파일에 0x4c1 오프셋에서 시작하는 문자가 포함되어 있습니다. 이 문자는 현재 원본 문자 집합에서 잘못된 문자입니다(코드 페이지 65001).
C:\Users\GOD\Documents\GitHub\230816_arrary\230816_arrary\exam1.c(1,1): warning C4828: 파일에 0x4c2 오프셋에서 시작하는 문자가 포함되어 있습니다. 이 문자는 현재 원본 문자 집합에서 잘못된 문자입니다(코드 페이지 65001).
C:\Users\GOD\Documents\GitHub\230816_arrary\230816_arrary\exam1.c(1,1): warning C4828: 파일에 0x4c4 오프셋에서 시작하는 문자가 포함되어 있습니다. 이 문자는 현재 원본 문자 집합에서 잘못된 문자입니다(코드 페이지 65001).
C:\Users\GOD\Documents\GitHub\230816_arrary\230816_arrary\exam1.c(1,1): warning C4828: 파일에 0x4c5 오프셋에서 시작하는 문자가 포함되어 있습니다. 이 문자는 현재 원본 문자 집합에서 잘못된 문자입니다(코드 페이지 65001).
C:\Users\GOD\Documents\GitHub\230816_arrary\230816_arrary\exam1.c(1,1): warning C4828: 파일에 0x4c6 오프셋에서 시작하는 문자가 포함되어 있습니다. 이 문자는 현재 원본 문자 집합에서 잘못된 문자입니다(코드 페이지 65001).
C:\Users\GOD\Documents\GitHub\230816_arrary\230816_arrary\exam1.c(1,1): warning C4828: 파일에 0x4c7 오프셋에서 시작하는 문자가 포함되어 있습니다. 이 문자는 현재 원본 문자 집합에서 잘못된 문자입니다(코드 페이지 65001).
C:\Users\GOD\Documents\GitHub\230816_arrary\230816_arrary\exam1.c(1,1): warning C4828: 파일에 0x4c9 오프셋에서 시작하는 문자가 포함되어 있습니다. 이 문자는 현재 원본 문자 집합에서 잘못된 문자입니다(코드 페이지 65001).
C:\Users\GOD\Documents\GitHub\230816_arrary\230816_arrary\exam1.c(1,1): warning C4828: 파일에 0x4cb 오프셋에서 시작하는 문자가 포함되어 있습니다. 이 문자는 현재 원본 문자 집합에서 잘못된 문자입니다(코드 페이지 65001).
C:\Users\GOD\Documents\GitHub\230816_arrary\230816_arrary\exam1.c(1,1): warning C4828: 파일에 0x4cc 오프셋에서 시작하는 문자가 포함되어 있습니다. 이 문자는 현재 원본 문자 집합에서 잘못된 문자입니다(코드 페이지 65001).
C:\Users\GOD\Documents\GitHub\230816_arrary\230816_arrary\exam1.c(1,1): warning C4828: 파일에 0x4d7 오프셋에서 시작하는 문자가 포함되어 있습니다. 이 문자는 현재 원본 문자 집합에서 잘못된 문자입니다(코드 페이지 65001).
C:\Users\GOD\Documents\GitHub\230816_arrary\230816_arrary\exam1.c(1,1): warning C4828: 파일에 0x4db 오프셋에서 시작하는 문자가 포함되어 있습니다. 이 문자는 현재 원본 문자 집합에서 잘못된 문자입니다(코드 페이지 65001).
C:\Users\GOD\Documents\GitHub\230816_arrary\230816_arrary\exam1.c(1,1): warning C4828: 파일에 0x4dc 오프셋에서 시작하는 문자가 포함되어 있습니다. 이 문자는 현재 원본 문자 집합에서 잘못된 문자입니다(코드 페이지 65001).
C:\Users\GOD\Documents\GitHub\230816_arrary\230816_arrary\exam1.c(1,1): warning C4828: 파일에 0x4df 오프셋에서 시작하는 문자가 포함되어 있습니다. 이 문자는 현재 원본 문자 집합에서 잘못된 문자입니다(코드 페이지 65001).
C:\Users\GOD\Documents\GitHub\230816_arrary\230816_arrary\exam1.c(1,1): warning C4828: 파일에 0x4e0 오프셋에서 시작하는 문자가 포함되어 있습니다. 이 문자는 현재 원본 문자 집합에서 잘못된 문자입니다(코드 페이지 65001).
C:\Users\GOD\Documents\GitHub\230816_arrary\230816_arrary\exam1.c(1,1): warning C4828: 파일에 0x4e4 오프셋에서 시작하는 문자가 포함되어 있습니다. 이 문자는 현재 원본 문자 집합에서 잘못된 문자입니다(코드 페이지 65001).
C:\Users\GOD\Documents\GitHub\230816_arrary\230816_arrary\exam1.c(1,1): warning C4828: 파일에 0x4e5 오프셋에서 시작하는 문자가 포함되어 있습니다. 이 문자는 현재 원본 문자 집합에서 잘못된 문자입니다(코드 페이지 65001).
C:\Users\GOD\Documents\GitHub\230816_arrary\230816_arrary\exam1.c(1,1): warning C4828: 파일에 0x4e8 오프셋에서 시작하는 문자가 포함되어 있습니다. 이 문자는 현재 원본 문자 집합에서 잘못된 문자입니다(코드 페이지 65001).
C:\Users\GOD\Documents\GitHub\230816_arrary\230816_arrary\exam1.c(1,1): warning C4828: 파일에 0x4e9 오프셋에서 시작하는 문자가 포함되어 있습니다. 이 문자는 현재 원본 문자 집합에서 잘못된 문자입니다(코드 페이지 65001).
C:\Users\GOD\Documents\GitHub\230816_arrary\230816_arrary\exam1.c(1,1): warning C4828: 파일에 0x4ea 오프셋에서 시작하는 문자가 포함되어 있습니다. 이 문자는 현재 원본 문자 집합에서 잘못된 문자입니다(코드 페이지 65001).
C:\Users\GOD\Documents\GitHub\230816_arrary\230816_arrary\exam1.c(1,1): warning C4828: 파일에 0x4eb 오프셋에서 시작하는 문자가 포함되어 있습니다. 이 문자는 현재 원본 문자 집합에서 잘못된 문자입니다(코드 페이지 65001).
C:\Users\GOD\Documents\GitHub\230816_arrary\230816_arrary\exam1.c(1,1): warning C4828: 파일에 0x4ef 오프셋에서 시작하는 문자가 포함되어 있습니다. 이 문자는 현재 원본 문자 집합에서 잘못된 문자입니다(코드 페이지 65001).
C:\Users\GOD\Documents\GitHub\230816_arrary\230816_arrary\exam1.c(1,1): warning C4828: 파일에 0x58d 오프셋에서 시작하는 문자가 포함되어 있습니다. 이 문자는 현재 원본 문자 집합에서 잘못된 문자입니다(코드 페이지 65001).
C:\Users\GOD\Documents\GitHub\230816_arrary\230816_arrary\exam1.c(1,1): warning C4828: 파일에 0x58e 오프셋에서 시작하는 문자가 포함되어 있습니다. 이 문자는 현재 원본 문자 집합에서 잘못된 문자입니다(코드 페이지 65001).
C:\Users\GOD\Documents\GitHub\230816_arrary\230816_arrary\exam1.c(1,1): warning C4828: 파일에 0x590 오프셋에서 시작하는 문자가 포함되어 있습니다. 이 문자는 현재 원본 문자 집합에서 잘못된 문자입니다(코드 페이지 65001).
C:\Users\GOD\Documents\GitHub\230816_arrary\230816_arrary\exam1.c(1,1): warning C4828: 파일에 0x591 오프셋에서 시작하는 문자가 포함되어 있습니다. 이 문자는 현재 원본 문자 집합에서 잘못된 문자입니다(코드 페이지 65001).
C:\Users\GOD\Documents\GitHub\230816_arrary\230816_arrary\exam1.c(1,1): warning C4828: 파일에 0x594 오프셋에서 시작하는 문자가 포함되어 있습니다. 이 문자는 현재 원본 문자 집합에서 잘못된 문자입니다(코드 페이지 65001).
C:\Users\GOD\Documents\GitHub\230816_arrary\230816_arrary\exam1.c(1,1): warning C4828: 파일에 0x597 오프셋에서 시작하는 문자가 포함되어 있습니다. 이 문자는 현재 원본 문자 집합에서 잘못된 문자입니다(코드 페이지 65001).
C:\Users\GOD\Documents\GitHub\230816_arrary\230816_arrary\exam1.c(1,1): warning C4828: 파일에 0x59a 오프셋에서 시작하는 문자가 포함되어 있습니다. 이 문자는 현재 원본 문자 집합에서 잘못된 문자입니다(코드 페이지 65001).
C:\Users\GOD\Documents\GitHub\230816_arrary\230816_arrary\exam1.c(1,1): warning C4828: 파일에 0x59b 오프셋에서 시작하는 문자가 포함되어 있습니다. 이 문자는 현재 원본 문자 집합에서 잘못된 문자입니다(코드 페이지 65001).
C:\Users\GOD\Documents\GitHub\230816_arrary\230816_arrary\exam1.c(1,1): warning C4828: 파일에 0x59d 오프셋에서 시작하는 문자가 포함되어 있습니다. 이 문자는 현재 원본 문자 집합에서 잘못된 문자입니다(코드 페이지 65001).
C:\Users\GOD\Documents\GitHub\230816_arrary\230816_arrary\exam1.c(1,1): warning C4828: 파일에 0x59e 오프셋에서 시작하는 문자가 포함되어 있습니다. 이 문자는 현재 원본 문자 집합에서 잘못된 문자입니다(코드 페이지 65001).
C:\Users\GOD\Documents\GitHub\230816_arrary\230816_arrary\exam1.c(1,1): warning C4828: 파일에 0x5a1 오프셋에서 시작하는 문자가 포함되어 있습니다. 이 문자는 현재 원본 문자 집합에서 잘못된 문자입니다(코드 페이지 65001).
C:\Users\GOD\Documents\GitHub\230816_arrary\230816_arrary\exam1.c(1,1): warning C4828: 파일에 0x5a2 오프셋에서 시작하는 문자가 포함되어 있습니다. 이 문자는 현재 원본 문자 집합에서 잘못된 문자입니다(코드 페이지 65001).
C:\Users\GOD\Documents\GitHub\230816_arrary\230816_arrary\exam1.c(1,1): warning C4828: 파일에 0x5a4 오프셋에서 시작하는 문자가 포함되어 있습니다. 이 문자는 현재 원본 문자 집합에서 잘못된 문자입니다(코드 페이지 65001).
C:\Users\GOD\Documents\GitHub\230816_arrary\230816_arrary\exam1.c(1,1): warning C4828: 파일에 0x5a5 오프셋에서 시작하는 문자가 포함되어 있습니다. 이 문자는 현재 원본 문자 집합에서 잘못된 문자입니다(코드 페이지 65001).
C:\Users\GOD\Documents\GitHub\230816_arrary\230816_arrary\exam1.c(1,1): warning C4828: 파일에 0x5e4 오프셋에서 시작하는 문자가 포함되어 있습니다. 이 문자는 현재 원본 문자 집합에서 잘못된 문자입니다(코드 페이지 65001).
C:\Users\GOD\Documents\GitHub\230816_arrary\230816_arrary\exam1.c(1,1): warning C4828: 파일에 0x5e5 오프셋에서 시작하는 문자가 포함되어 있습니다. 이 문자는 현재 원본 문자 집합에서 잘못된 문자입니다(코드 페이지 65001).
C:\Users\GOD\Documents\GitHub\230816_arrary\230816_arrary\exam1.c(1,1): warning C4828: 파일에 0x5e9 오프셋에서 시작하는 문자가 포함되어 있습니다. 이 문자는 현재 원본 문자 집합에서 잘못된 문자입니다(코드 페이지 65001).
C:\Users\GOD\Documents\GitHub\230816_arrary\230816_arrary\exam1.c(1,1): warning C4828: 파일에 0x5ec 오프셋에서 시작하는 문자가 포함되어 있습니다. 이 문자는 현재 원본 문자 집합에서 잘못된 문자입니다(코드 페이지 65001).
C:\Users\GOD\Documents\GitHub\230816_arrary\230816_arrary\exam1.c(1,1): warning C4828: 파일에 0x5ee 오프셋에서 시작하는 문자가 포함되어 있습니다. 이 문자는 현재 원본 문자 집합에서 잘못된 문자입니다(코드 페이지 65001).
C:\Users\GOD\Documents\GitHub\230816_arrary\230816_arrary\exam1.c(1,1): warning C4828: 파일에 0x5ef 오프셋에서 시작하는 문자가 포함되어 있습니다. 이 문자는 현재 원본 문자 집합에서 잘못된 문자입니다(코드 페이지 65001).
C:\Users\GOD\Documents\GitHub\230816_arrary\230816_arrary\exam1.c(1,1): warning C4828: 파일에 0x5f1 오프셋에서 시작하는 문자가 포함되어 있습니다. 이 문자는 현재 원본 문자 집합에서 잘못된 문자입니다(코드 페이지 65001).
C:\Users\GOD\Documents\GitHub\230816_arrary\230816_arrary\exam1.c(1,1): warning C4828: 파일에 0x5f8 오프셋에서 시작하는 문자가 포함되어 있습니다. 이 문자는 현재 원본 문자 집합에서 잘못된 문자입니다(코드 페이지 65001).
C:\Users\GOD\Documents\GitHub\230816_arrary\230816_arrary\exam1.c(1,1): warning C4828: 파일에 0x5f9 오프셋에서 시작하는 문자가 포함되어 있습니다. 이 문자는 현재 원본 문자 집합에서 잘못된 문자입니다(코드 페이지 65001).
C:\Users\GOD\Documents\GitHub\230816_arrary\230816_arrary\exam1.c(1,1): warning C4828: 파일에 0x5fa 오프셋에서 시작하는 문자가 포함되어 있습니다. 이 문자는 현재 원본 문자 집합에서 잘못된 문자입니다(코드 페이지 65001).
C:\Users\GOD\Documents\GitHub\230816_arrary\230816_arrary\exam1.c(1,1): warning C4828: 파일에 0x5fb 오프셋에서 시작하는 문자가 포함되어 있습니다. 이 문자는 현재 원본 문자 집합에서 잘못된 문자입니다(코드 페이지 65001).
C:\Users\GOD\Documents\GitHub\230816_arrary\230816_arrary\exam1.c(1,1): warning C4828: 파일에 0x609 오프셋에서 시작하는 문자가 포함되어 있습니다. 이 문자는 현재 원본 문자 집합에서 잘못된 문자입니다(코드 페이지 65001).
C:\Users\GOD\Documents\GitHub\230816_arrary\230816_arrary\exam1.c(1,1): warning C4828: 파일에 0x60a 오프셋에서 시작하는 문자가 포함되어 있습니다. 이 문자는 현재 원본 문자 집합에서 잘못된 문자입니다(코드 페이지 65001).
C:\Users\GOD\Documents\GitHub\230816_arrary\230816_arrary\exam1.c(1,1): warning C4828: 파일에 0x60c 오프셋에서 시작하는 문자가 포함되어 있습니다. 이 문자는 현재 원본 문자 집합에서 잘못된 문자입니다(코드 페이지 65001).
C:\Users\GOD\Documents\GitHub\230816_arrary\230816_arrary\exam1.c(1,1): warning C4828: 파일에 0x60f 오프셋에서 시작하는 문자가 포함되어 있습니다. 이 문자는 현재 원본 문자 집합에서 잘못된 문자입니다(코드 페이지 65001).
C:\Users\GOD\Documents\GitHub\230816_arrary\230816_arrary\exam1.c(1,1): warning C4828: 파일에 0x611 오프셋에서 시작하는 문자가 포함되어 있습니다. 이 문자는 현재 원본 문자 집합에서 잘못된 문자입니다(코드 페이지 65001).
C:\Users\GOD\Documents\GitHub\230816_arrary\230816_arrary\exam1.c(1,1): warning C4828: 파일에 0x612 오프셋에서 시작하는 문자가 포함되어 있습니다. 이 문자는 현재 원본 문자 집합에서 잘못된 문자입니다(코드 페이지 65001).
C:\Users\GOD\Documents\GitHub\230816_arrary\230816_arrary\exam1.c(1,1): warning C4828: 파일에 0x613 오프셋에서 시작하는 문자가 포함되어 있습니다. 이 문자는 현재 원본 문자 집합에서 잘못된 문자입니다(코드 페이지 65001).
C:\Users\GOD\Documents\GitHub\230816_arrary\230816_arrary\exam1.c(1,1): warning C4828: 파일에 0x614 오프셋에서 시작하는 문자가 포함되어 있습니다. 이 문자는 현재 원본 문자 집합에서 잘못된 문자입니다(코드 페이지 65001).
C:\Users\GOD\Documents\GitHub\230816_arrary\230816_arrary\exam1.c(1,1): warning C4828: 파일에 0x61a 오프셋에서 시작하는 문자가 포함되어 있습니다. 이 문자는 현재 원본 문자 집합에서 잘못된 문자입니다(코드 페이지 65001).
C:\Users\GOD\Documents\GitHub\230816_arrary\230816_arrary\exam1.c(1,1): warning C4828: 파일에 0x61e 오프셋에서 시작하는 문자가 포함되어 있습니다. 이 문자는 현재 원본 문자 집합에서 잘못된 문자입니다(코드 페이지 65001).
C:\Users\GOD\Documents\GitHub\230816_arrary\230816_arrary\exam1.c(1,1): warning C4828: 파일에 0x61f 오프셋에서 시작하는 문자가 포함되어 있습니다. 이 문자는 현재 원본 문자 집합에서 잘못된 문자입니다(코드 페이지 65001).
C:\Users\GOD\Documents\GitHub\230816_arrary\230816_arrary\exam1.c(1,1): warning C4828: 파일에 0x63a 오프셋에서 시작하는 문자가 포함되어 있습니다. 이 문자는 현재 원본 문자 집합에서 잘못된 문자입니다(코드 페이지 65001).
C:\Users\GOD\Documents\GitHub\230816_arrary\230816_arrary\exam1.c(1,1): warning C4828: 파일에 0x63b 오프셋에서 시작하는 문자가 포함되어 있습니다. 이 문자는 현재 원본 문자 집합에서 잘못된 문자입니다(코드 페이지 65001).
C:\Users\GOD\Documents\GitHub\230816_arrary\230816_arrary\exam1.c(1,1): warning C4828: 파일에 0x63c 오프셋에서 시작하는 문자가 포함되어 있습니다. 이 문자는 현재 원본 문자 집합에서 잘못된 문자입니다(코드 페이지 65001).
C:\Users\GOD\Documents\GitHub\230816_arrary\230816_arrary\exam1.c(1,1): warning C4828: 파일에 0x63d 오프셋에서 시작하는 문자가 포함되어 있습니다. 이 문자는 현재 원본 문자 집합에서 잘못된 문자입니다(코드 페이지 65001).
C:\Users\GOD\Documents\GitHub\230816_arrary\230816_arrary\exam1.c(1,1): warning C4828: 파일에 0x63e 오프셋에서 시작하는 문자가 포함되어 있습니다. 이 문자는 현재 원본 문자 집합에서 잘못된 문자입니다(코드 페이지 65001).
C:\Users\GOD\Documents\GitHub\230816_arrary\230816_arrary\exam1.c(1,1): warning C4828: 파일에 0x63f 오프셋에서 시작하는 문자가 포함되어 있습니다. 이 문자는 현재 원본 문자 집합에서 잘못된 문자입니다(코드 페이지 65001).
C:\Users\GOD\Documents\GitHub\230816_arrary\230816_arrary\exam1.c(1,1): warning C4828: 파일에 0x641 오프셋에서 시작하는 문자가 포함되어 있습니다. 이 문자는 현재 원본 문자 집합에서 잘못된 문자입니다(코드 페이지 65001).
C:\Users\GOD\Documents\GitHub\230816_arrary\230816_arrary\exam1.c(1,1): warning C4828: 파일에 0x642 오프셋에서 시작하는 문자가 포함되어 있습니다. 이 문자는 현재 원본 문자 집합에서 잘못된 문자입니다(코드 페이지 65001).
C:\Users\GOD\Documents\GitHub\230816_arrary\230816_arrary\exam1.c(1,1): warning C4828: 파일에 0x643 오프셋에서 시작하는 문자가 포함되어 있습니다. 이 문자는 현재 원본 문자 집합에서 잘못된 문자입니다(코드 페이지 65001).
C:\Users\GOD\Documents\GitHub\230816_arrary\230816_arrary\exam1.c(1,1): warning C4828: 파일에 0x644 오프셋에서 시작하는 문자가 포함되어 있습니다. 이 문자는 현재 원본 문자 집합에서 잘못된 문자입니다(코드 페이지 65001).
C:\Users\GOD\Documents\GitHub\230816_arrary\230816_arrary\exam1.c(1,1): warning C4828: 파일에 0x647 오프셋에서 시작하는 문자가 포함되어 있습니다. 이 문자는 현재 원본 문자 집합에서 잘못된 문자입니다(코드 페이지 65001).
C:\Users\GOD\Documents\GitHub\230816_arrary\230816_arrary\exam1.c(1,1): warning C4828: 파일에 0x648 오프셋에서 시작하는 문자가 포함되어 있습니다. 이 문자는 현재 원본 문자 집합에서 잘못된 문자입니다(코드 페이지 65001).
C:\Users\GOD\Documents\GitHub\230816_arrary\230816_arrary\exam1.c(1,1): warning C4828: 파일에 0x64a 오프셋에서 시작하는 문자가 포함되어 있습니다. 이 문자는 현재 원본 문자 집합에서 잘못된 문자입니다(코드 페이지 65001).
C:\Users\GOD\Documents\GitHub\230816_arrary\230816_arrary\exam1.c(1,1): warning C4828: 파일에 0x64c 오프셋에서 시작하는 문자가 포함되어 있습니다. 이 문자는 현재 원본 문자 집합에서 잘못된 문자입니다(코드 페이지 65001).
C:\Users\GOD\Documents\GitHub\230816_arrary\230816_arrary\exam1.c(1,1): warning C4828: 파일에 0x64d 오프셋에서 시작하는 문자가 포함되어 있습니다. 이 문자는 현재 원본 문자 집합에서 잘못된 문자입니다(코드 페이지 65001).
C:\Users\GOD\Documents\GitHub\230816_arrary\230816_arrary\exam1.c(1,1): warning C4828: 파일에 0x651 오프셋에서 시작하는 문자가 포함되어 있습니다. 이 문자는 현재 원본 문자 집합에서 잘못된 문자입니다(코드 페이지 65001).
C:\Users\GOD\Documents\GitHub\230816_arrary\230816_arrary\exam1.c(1,1): warning C4828: 파일에 0x6e3 오프셋에서 시작하는 문자가 포함되어 있습니다. 이 문자는 현재 원본 문자 집합에서 잘못된 문자입니다(코드 페이지 65001).
C:\Users\GOD\Documents\GitHub\230816_arrary\230816_arrary\exam1.c(1,1): warning C4828: 파일에 0x6ea 오프셋에서 시작하는 문자가 포함되어 있습니다. 이 문자는 현재 원본 문자 집합에서 잘못된 문자입니다(코드 페이지 65001).
C:\Users\GOD\Documents\GitHub\230816_arrary\230816_arrary\exam1.c(1,1): warning C4828: 파일에 0x6eb 오프셋에서 시작하는 문자가 포함되어 있습니다. 이 문자는 현재 원본 문자 집합에서 잘못된 문자입니다(코드 페이지 65001).
  230816_arrary.vcxproj -> C:\Users\GOD\Documents\GitHub\230816_arrary\x64\Debug\230816_arrary.exe
